{
  "C:\\Users\\ASLIDDIN\\Desktop\\Private\\react-testing\\src\\Posts.tsx": {
    "path": "C:\\Users\\ASLIDDIN\\Desktop\\Private\\react-testing\\src\\Posts.tsx",
    "statementMap": {
      "0": {
        "start": { "line": 3, "column": 14 },
        "end": { "line": 22, "column": null }
      },
      "1": {
        "start": { "line": 4, "column": 22 },
        "end": { "line": 4, "column": null }
      },
      "2": {
        "start": { "line": 6, "column": 2 },
        "end": { "line": 10, "column": null }
      },
      "3": {
        "start": { "line": 7, "column": 4 },
        "end": { "line": 9, "column": null }
      },
      "4": {
        "start": { "line": 8, "column": 26 },
        "end": { "line": 8, "column": 41 }
      },
      "5": {
        "start": { "line": 9, "column": 22 },
        "end": { "line": 9, "column": 35 }
      },
      "6": {
        "start": { "line": 12, "column": 2 },
        "end": { "line": 20, "column": null }
      },
      "7": {
        "start": { "line": 15, "column": 8 },
        "end": { "line": 18, "column": null }
      }
    },
    "fnMap": {
      "0": {
        "name": "(anonymous_0)",
        "decl": {
          "start": { "line": 3, "column": 14 },
          "end": { "line": 3, "column": 20 }
        },
        "loc": {
          "start": { "line": 3, "column": 20 },
          "end": { "line": 22, "column": null }
        },
        "line": 3
      },
      "1": {
        "name": "(anonymous_1)",
        "decl": {
          "start": { "line": 6, "column": 12 },
          "end": { "line": 6, "column": 18 }
        },
        "loc": {
          "start": { "line": 6, "column": 18 },
          "end": { "line": 10, "column": 5 }
        },
        "line": 6
      },
      "2": {
        "name": "(anonymous_2)",
        "decl": {
          "start": { "line": 8, "column": 12 },
          "end": { "line": 8, "column": 13 }
        },
        "loc": {
          "start": { "line": 8, "column": 26 },
          "end": { "line": 8, "column": 41 }
        },
        "line": 8
      },
      "3": {
        "name": "(anonymous_3)",
        "decl": {
          "start": { "line": 9, "column": 12 },
          "end": { "line": 9, "column": 13 }
        },
        "loc": {
          "start": { "line": 9, "column": 22 },
          "end": { "line": 9, "column": 35 }
        },
        "line": 9
      },
      "4": {
        "name": "(anonymous_4)",
        "decl": {
          "start": { "line": 14, "column": 17 },
          "end": { "line": 14, "column": 18 }
        },
        "loc": {
          "start": { "line": 15, "column": 8 },
          "end": { "line": 18, "column": null }
        },
        "line": 15
      }
    },
    "branchMap": {},
    "s": { "0": 1, "1": 1, "2": 1, "3": 1, "4": 1, "5": 1, "6": 1, "7": 0 },
    "f": { "0": 1, "1": 1, "2": 1, "3": 1, "4": 0 },
    "b": {},
    "meta": {
      "lastBranch": 0,
      "lastFunction": 5,
      "lastStatement": 8,
      "seen": {
        "s:3:14:22:Infinity": 0,
        "f:3:14:3:20": 0,
        "s:4:22:4:Infinity": 1,
        "s:6:2:10:Infinity": 2,
        "f:6:12:6:18": 1,
        "s:7:4:9:Infinity": 3,
        "f:8:12:8:13": 2,
        "s:8:26:8:41": 4,
        "f:9:12:9:13": 3,
        "s:9:22:9:35": 5,
        "s:12:2:20:Infinity": 6,
        "f:14:17:14:18": 4,
        "s:15:8:18:Infinity": 7
      }
    }
  }
}
